<?xml version="1.0" encoding="UTF-8"?>
<!-- Generated by org.testng.reporters.JUnitReportReporter -->
<testsuite hostname="ROMZEEY" failures="0" tests="1" name="Get_UserId" time="2.815" errors="0" timestamp="2022-02-19T11:08:59 WAT" skipped="0">
  <testcase classname="Get_UserId" name="userId" time="2.815"/>
  <system-out/>
</testsuite> <!-- Get_UserId -->
