<?xml version="1.0" encoding="UTF-8"?>
<!-- Generated by org.testng.reporters.JUnitReportReporter -->
<testsuite hostname="ROMZEEY" failures="0" tests="1" name="Post_Test" time="4.519" errors="0" timestamp="2022-02-19T09:36:55 WAT" skipped="0">
  <testcase classname="Post_Test" name="test_1_post" time="4.519"/>
  <system-out/>
</testsuite> <!-- Post_Test -->
