<?xml version="1.0" encoding="UTF-8"?>
<!-- Generated by org.testng.reporters.JUnitReportReporter -->
<testsuite hostname="ROMZEEY" failures="0" tests="1" name="Get_UserId$Get_user_post" time="0.878" errors="0" timestamp="2022-02-19T11:08:59 WAT" skipped="0">
  <testcase classname="Get_UserId$Get_user_post" name="user_post" time="0.878"/>
  <system-out/>
</testsuite> <!-- Get_UserId$Get_user_post -->
